<?xml version="1.0" encoding="UTF-8"?>
<testsuite xmlns:xsi="http://www.w3.org/2001/XMLSchema-instance" xsi:noNamespaceSchemaLocation="https://maven.apache.org/surefire/maven-surefire-plugin/xsd/surefire-test-report.xsd" name="jsicko.QueueTest" time="0.138" tests="11" errors="0" skipped="0" failures="0">
  <properties>
    <property name="sun.desktop" value="gnome"/>
    <property name="awt.toolkit" value="sun.awt.X11.XToolkit"/>
    <property name="java.specification.version" value="11"/>
    <property name="sun.cpu.isalist" value=""/>
    <property name="sun.jnu.encoding" value="UTF-8"/>
    <property name="java.class.path" value="/home/premek/School/USI/Předměty/SDM - Software design &amp; modeling/project04/jsicko-tutorials-dev/target/test-classes:/home/premek/School/USI/Předměty/SDM - Software design &amp; modeling/project04/jsicko-tutorials-dev/target/classes:/home/premek/.m2/repository/ch/usi/si/codelounge/jSicko/1.0.0/jSicko-1.0.0.jar:/home/premek/.m2/repository/org/jetbrains/annotations/16.0.3/annotations-16.0.3.jar:/home/premek/.m2/repository/com/twitter/chill-java/0.10.0/chill-java-0.10.0.jar:/home/premek/.m2/repository/com/esotericsoftware/kryo-shaded/4.0.2/kryo-shaded-4.0.2.jar:/home/premek/.m2/repository/com/esotericsoftware/minlog/1.3.0/minlog-1.3.0.jar:/home/premek/.m2/repository/org/objenesis/objenesis/2.5.1/objenesis-2.5.1.jar:/home/premek/.m2/repository/com/google/guava/guava/31.1-jre/guava-31.1-jre.jar:/home/premek/.m2/repository/com/google/guava/failureaccess/1.0.1/failureaccess-1.0.1.jar:/home/premek/.m2/repository/com/google/guava/listenablefuture/9999.0-empty-to-avoid-conflict-with-guava/listenablefuture-9999.0-empty-to-avoid-conflict-with-guava.jar:/home/premek/.m2/repository/com/google/code/findbugs/jsr305/3.0.2/jsr305-3.0.2.jar:/home/premek/.m2/repository/org/checkerframework/checker-qual/3.12.0/checker-qual-3.12.0.jar:/home/premek/.m2/repository/com/google/errorprone/error_prone_annotations/2.11.0/error_prone_annotations-2.11.0.jar:/home/premek/.m2/repository/com/google/j2objc/j2objc-annotations/1.3/j2objc-annotations-1.3.jar:/home/premek/.m2/repository/org/junit/jupiter/junit-jupiter/5.9.1/junit-jupiter-5.9.1.jar:/home/premek/.m2/repository/org/junit/jupiter/junit-jupiter-api/5.9.1/junit-jupiter-api-5.9.1.jar:/home/premek/.m2/repository/org/opentest4j/opentest4j/1.2.0/opentest4j-1.2.0.jar:/home/premek/.m2/repository/org/junit/platform/junit-platform-commons/1.9.1/junit-platform-commons-1.9.1.jar:/home/premek/.m2/repository/org/apiguardian/apiguardian-api/1.1.2/apiguardian-api-1.1.2.jar:/home/premek/.m2/repository/org/junit/jupiter/junit-jupiter-params/5.9.1/junit-jupiter-params-5.9.1.jar:/home/premek/.m2/repository/org/junit/jupiter/junit-jupiter-engine/5.9.1/junit-jupiter-engine-5.9.1.jar:/home/premek/.m2/repository/org/junit/platform/junit-platform-engine/1.9.1/junit-platform-engine-1.9.1.jar:"/>
    <property name="java.vm.vendor" value="Ubuntu"/>
    <property name="sun.arch.data.model" value="64"/>
    <property name="java.vendor.url" value="https://ubuntu.com/"/>
    <property name="user.timezone" value=""/>
    <property name="java.vm.specification.version" value="11"/>
    <property name="os.name" value="Linux"/>
    <property name="sun.java.launcher" value="SUN_STANDARD"/>
    <property name="user.country" value="GB"/>
    <property name="sun.boot.library.path" value="/usr/lib/jvm/java-11-openjdk-amd64/lib"/>
    <property name="sun.java.command" value="/home/premek/School/USI/Předměty/SDM - Software design &amp; modeling/project04/jsicko-tutorials-dev/target/surefire/surefirebooter6693839902190395406.jar /home/premek/School/USI/Předměty/SDM - Software design &amp; modeling/project04/jsicko-tutorials-dev/target/surefire 2023-12-04T15-20-28_869-jvmRun1 surefire8582069363347803301tmp surefire_013007416665512060300tmp"/>
    <property name="jdk.debug" value="release"/>
    <property name="surefire.test.class.path" value="/home/premek/School/USI/Předměty/SDM - Software design &amp; modeling/project04/jsicko-tutorials-dev/target/test-classes:/home/premek/School/USI/Předměty/SDM - Software design &amp; modeling/project04/jsicko-tutorials-dev/target/classes:/home/premek/.m2/repository/ch/usi/si/codelounge/jSicko/1.0.0/jSicko-1.0.0.jar:/home/premek/.m2/repository/org/jetbrains/annotations/16.0.3/annotations-16.0.3.jar:/home/premek/.m2/repository/com/twitter/chill-java/0.10.0/chill-java-0.10.0.jar:/home/premek/.m2/repository/com/esotericsoftware/kryo-shaded/4.0.2/kryo-shaded-4.0.2.jar:/home/premek/.m2/repository/com/esotericsoftware/minlog/1.3.0/minlog-1.3.0.jar:/home/premek/.m2/repository/org/objenesis/objenesis/2.5.1/objenesis-2.5.1.jar:/home/premek/.m2/repository/com/google/guava/guava/31.1-jre/guava-31.1-jre.jar:/home/premek/.m2/repository/com/google/guava/failureaccess/1.0.1/failureaccess-1.0.1.jar:/home/premek/.m2/repository/com/google/guava/listenablefuture/9999.0-empty-to-avoid-conflict-with-guava/listenablefuture-9999.0-empty-to-avoid-conflict-with-guava.jar:/home/premek/.m2/repository/com/google/code/findbugs/jsr305/3.0.2/jsr305-3.0.2.jar:/home/premek/.m2/repository/org/checkerframework/checker-qual/3.12.0/checker-qual-3.12.0.jar:/home/premek/.m2/repository/com/google/errorprone/error_prone_annotations/2.11.0/error_prone_annotations-2.11.0.jar:/home/premek/.m2/repository/com/google/j2objc/j2objc-annotations/1.3/j2objc-annotations-1.3.jar:/home/premek/.m2/repository/org/junit/jupiter/junit-jupiter/5.9.1/junit-jupiter-5.9.1.jar:/home/premek/.m2/repository/org/junit/jupiter/junit-jupiter-api/5.9.1/junit-jupiter-api-5.9.1.jar:/home/premek/.m2/repository/org/opentest4j/opentest4j/1.2.0/opentest4j-1.2.0.jar:/home/premek/.m2/repository/org/junit/platform/junit-platform-commons/1.9.1/junit-platform-commons-1.9.1.jar:/home/premek/.m2/repository/org/apiguardian/apiguardian-api/1.1.2/apiguardian-api-1.1.2.jar:/home/premek/.m2/repository/org/junit/jupiter/junit-jupiter-params/5.9.1/junit-jupiter-params-5.9.1.jar:/home/premek/.m2/repository/org/junit/jupiter/junit-jupiter-engine/5.9.1/junit-jupiter-engine-5.9.1.jar:/home/premek/.m2/repository/org/junit/platform/junit-platform-engine/1.9.1/junit-platform-engine-1.9.1.jar:"/>
    <property name="sun.cpu.endian" value="little"/>
    <property name="user.home" value="/home/premek"/>
    <property name="user.language" value="en"/>
    <property name="java.specification.vendor" value="Oracle Corporation"/>
    <property name="java.version.date" value="2023-10-17"/>
    <property name="java.home" value="/usr/lib/jvm/java-11-openjdk-amd64"/>
    <property name="file.separator" value="/"/>
    <property name="basedir" value="/home/premek/School/USI/Předměty/SDM - Software design &amp; modeling/project04/jsicko-tutorials-dev"/>
    <property name="java.vm.compressedOopsMode" value="Zero based"/>
    <property name="line.separator" value="&#10;"/>
    <property name="java.specification.name" value="Java Platform API Specification"/>
    <property name="java.vm.specification.vendor" value="Oracle Corporation"/>
    <property name="java.awt.graphicsenv" value="sun.awt.X11GraphicsEnvironment"/>
    <property name="surefire.real.class.path" value="/home/premek/School/USI/Předměty/SDM - Software design &amp; modeling/project04/jsicko-tutorials-dev/target/surefire/surefirebooter6693839902190395406.jar"/>
    <property name="sun.management.compiler" value="HotSpot 64-Bit Tiered Compilers"/>
    <property name="java.runtime.version" value="11.0.21+9-post-Ubuntu-0ubuntu122.04"/>
    <property name="user.name" value="premek"/>
    <property name="path.separator" value=":"/>
    <property name="os.version" value="6.5.6-76060506-generic"/>
    <property name="java.runtime.name" value="OpenJDK Runtime Environment"/>
    <property name="file.encoding" value="UTF-8"/>
    <property name="java.vm.name" value="OpenJDK 64-Bit Server VM"/>
    <property name="localRepository" value="/home/premek/.m2/repository"/>
    <property name="java.vendor.url.bug" value="https://bugs.launchpad.net/ubuntu/+source/openjdk-lts"/>
    <property name="java.io.tmpdir" value="/tmp"/>
    <property name="java.version" value="11.0.21"/>
    <property name="user.dir" value="/home/premek/School/USI/Předměty/SDM - Software design &amp; modeling/project04/jsicko-tutorials-dev"/>
    <property name="os.arch" value="amd64"/>
    <property name="java.vm.specification.name" value="Java Virtual Machine Specification"/>
    <property name="java.awt.printerjob" value="sun.print.PSPrinterJob"/>
    <property name="sun.os.patch.level" value="unknown"/>
    <property name="java.library.path" value="/usr/java/packages/lib:/usr/lib/x86_64-linux-gnu/jni:/lib/x86_64-linux-gnu:/usr/lib/x86_64-linux-gnu:/usr/lib/jni:/lib:/usr/lib"/>
    <property name="java.vm.info" value="mixed mode, sharing"/>
    <property name="java.vendor" value="Ubuntu"/>
    <property name="java.vm.version" value="11.0.21+9-post-Ubuntu-0ubuntu122.04"/>
    <property name="java.specification.maintenance.version" value="2"/>
    <property name="sun.io.unicode.encoding" value="UnicodeLittle"/>
    <property name="java.class.version" value="55.0"/>
  </properties>
  <testcase name="containsTest" classname="jsicko.QueueTest" time="0.019"/>
  <testcase name="containsOnEmptyListTest" classname="jsicko.QueueTest" time="0"/>
  <testcase name="removeOnEmptyListTest" classname="jsicko.QueueTest" time="0.001"/>
  <testcase name="addOnEmptyListTest" classname="jsicko.QueueTest" time="0.001"/>
  <testcase name="addTest" classname="jsicko.QueueTest" time="0"/>
  <testcase name="pollOnEmptyListTest" classname="jsicko.QueueTest" time="0.001"/>
  <testcase name="peekTest" classname="jsicko.QueueTest" time="0.001"/>
  <testcase name="iteratorTest" classname="jsicko.QueueTest" time="0.099"/>
  <testcase name="pollTest" classname="jsicko.QueueTest" time="0.001"/>
  <testcase name="peekOnEmptyListTest" classname="jsicko.QueueTest" time="0.001"/>
  <testcase name="removeTest" classname="jsicko.QueueTest" time="0"/>
</testsuite>